Traceback (most recent call last):
  File "/usr/share/miniconda3/envs/xarray-tutorial/lib/python3.10/site-packages/jupyter_cache/executors/utils.py", line 51, in single_nb_execution
    executenb(
  File "/usr/share/miniconda3/envs/xarray-tutorial/lib/python3.10/site-packages/nbclient/client.py", line 1204, in execute
    return NotebookClient(nb=nb, resources=resources, km=km, **kwargs).execute()
  File "/usr/share/miniconda3/envs/xarray-tutorial/lib/python3.10/site-packages/nbclient/util.py", line 84, in wrapped
    return just_run(coro(*args, **kwargs))
  File "/usr/share/miniconda3/envs/xarray-tutorial/lib/python3.10/site-packages/nbclient/util.py", line 62, in just_run
    return loop.run_until_complete(coro)
  File "/usr/share/miniconda3/envs/xarray-tutorial/lib/python3.10/asyncio/base_events.py", line 646, in run_until_complete
    return future.result()
  File "/usr/share/miniconda3/envs/xarray-tutorial/lib/python3.10/site-packages/nbclient/client.py", line 663, in async_execute
    await self.async_execute_cell(
  File "/usr/share/miniconda3/envs/xarray-tutorial/lib/python3.10/site-packages/nbclient/client.py", line 965, in async_execute_cell
    await self._check_raise_for_error(cell, cell_index, exec_reply)
  File "/usr/share/miniconda3/envs/xarray-tutorial/lib/python3.10/site-packages/nbclient/client.py", line 862, in _check_raise_for_error
    raise CellExecutionError.from_cell_and_msg(cell, exec_reply_content)
nbclient.exceptions.CellExecutionError: An error occurred while executing the following cell:
------------------
arr.interp(
    x=np.linspace(2, 6, 10),
    y=pd.date_range("2009-04-01", "2009-04-30", freq="D"),
)
------------------

[0;31m---------------------------------------------------------------------------[0m
[0;31mTypeError[0m                                 Traceback (most recent call last)
Input [0;32mIn [3][0m, in [0;36m<cell line: 1>[0;34m()[0m
[0;32m----> 1[0m [43marr[49m[38;5;241;43m.[39;49m[43minterp[49m[43m([49m
[1;32m      2[0m [43m    [49m[43mx[49m[38;5;241;43m=[39;49m[43mnp[49m[38;5;241;43m.[39;49m[43mlinspace[49m[43m([49m[38;5;241;43m2[39;49m[43m,[49m[43m [49m[38;5;241;43m6[39;49m[43m,[49m[43m [49m[38;5;241;43m10[39;49m[43m)[49m[43m,[49m
[1;32m      3[0m [43m    [49m[43my[49m[38;5;241;43m=[39;49m[43mpd[49m[38;5;241;43m.[39;49m[43mdate_range[49m[43m([49m[38;5;124;43m"[39;49m[38;5;124;43m2009-04-01[39;49m[38;5;124;43m"[39;49m[43m,[49m[43m [49m[38;5;124;43m"[39;49m[38;5;124;43m2009-04-30[39;49m[38;5;124;43m"[39;49m[43m,[49m[43m [49m[43mfreq[49m[38;5;241;43m=[39;49m[38;5;124;43m"[39;49m[38;5;124;43mD[39;49m[38;5;124;43m"[39;49m[43m)[49m[43m,[49m
[1;32m      4[0m [43m)[49m

File [0;32m/usr/share/miniconda3/envs/xarray-tutorial/lib/python3.10/site-packages/xarray/core/dataarray.py:1747[0m, in [0;36mDataArray.interp[0;34m(self, coords, method, assume_sorted, kwargs, **coords_kwargs)[0m
[1;32m   1742[0m [38;5;28;01mif[39;00m [38;5;28mself[39m[38;5;241m.[39mdtype[38;5;241m.[39mkind [38;5;129;01mnot[39;00m [38;5;129;01min[39;00m [38;5;124m"[39m[38;5;124muifc[39m[38;5;124m"[39m:
[1;32m   1743[0m     [38;5;28;01mraise[39;00m [38;5;167;01mTypeError[39;00m(
[1;32m   1744[0m         [38;5;124m"[39m[38;5;124minterp only works for a numeric type array. [39m[38;5;124m"[39m
[1;32m   1745[0m         [38;5;124m"[39m[38;5;124mGiven [39m[38;5;132;01m{}[39;00m[38;5;124m.[39m[38;5;124m"[39m[38;5;241m.[39mformat([38;5;28mself[39m[38;5;241m.[39mdtype)
[1;32m   1746[0m     )
[0;32m-> 1747[0m ds [38;5;241m=[39m [38;5;28;43mself[39;49m[38;5;241;43m.[39;49m[43m_to_temp_dataset[49m[43m([49m[43m)[49m[38;5;241;43m.[39;49m[43minterp[49m[43m([49m
[1;32m   1748[0m [43m    [49m[43mcoords[49m[43m,[49m
[1;32m   1749[0m [43m    [49m[43mmethod[49m[38;5;241;43m=[39;49m[43mmethod[49m[43m,[49m
[1;32m   1750[0m [43m    [49m[43mkwargs[49m[38;5;241;43m=[39;49m[43mkwargs[49m[43m,[49m
[1;32m   1751[0m [43m    [49m[43massume_sorted[49m[38;5;241;43m=[39;49m[43massume_sorted[49m[43m,[49m
[1;32m   1752[0m [43m    [49m[38;5;241;43m*[39;49m[38;5;241;43m*[39;49m[43mcoords_kwargs[49m[43m,[49m
[1;32m   1753[0m [43m[49m[43m)[49m
[1;32m   1754[0m [38;5;28;01mreturn[39;00m [38;5;28mself[39m[38;5;241m.[39m_from_temp_dataset(ds)

File [0;32m/usr/share/miniconda3/envs/xarray-tutorial/lib/python3.10/site-packages/xarray/core/dataset.py:3170[0m, in [0;36mDataset.interp[0;34m(self, coords, method, assume_sorted, kwargs, method_non_numeric, **coords_kwargs)[0m
[1;32m   3168[0m [38;5;28;01mif[39;00m method [38;5;129;01min[39;00m [[38;5;124m"[39m[38;5;124mlinear[39m[38;5;124m"[39m, [38;5;124m"[39m[38;5;124mnearest[39m[38;5;124m"[39m]:
[1;32m   3169[0m     [38;5;28;01mfor[39;00m k, v [38;5;129;01min[39;00m validated_indexers[38;5;241m.[39mitems():
[0;32m-> 3170[0m         obj, newidx [38;5;241m=[39m [43mmissing[49m[38;5;241;43m.[39;49m[43m_localize[49m[43m([49m[43mobj[49m[43m,[49m[43m [49m[43m{[49m[43mk[49m[43m:[49m[43m [49m[43mv[49m[43m}[49m[43m)[49m
[1;32m   3171[0m         validated_indexers[k] [38;5;241m=[39m newidx[k]
[1;32m   3173[0m [38;5;66;03m# optimization: create dask coordinate arrays once per Dataset[39;00m
[1;32m   3174[0m [38;5;66;03m# rather than once per Variable when dask.array.unify_chunks is called later[39;00m
[1;32m   3175[0m [38;5;66;03m# GH4739[39;00m

File [0;32m/usr/share/miniconda3/envs/xarray-tutorial/lib/python3.10/site-packages/xarray/core/missing.py:567[0m, in [0;36m_localize[0;34m(var, indexes_coords)[0m
[1;32m    565[0m maxval [38;5;241m=[39m np[38;5;241m.[39mnanmax(new_x[38;5;241m.[39mvalues)
[1;32m    566[0m index [38;5;241m=[39m x[38;5;241m.[39mto_index()
[0;32m--> 567[0m imin [38;5;241m=[39m [43mindex[49m[38;5;241;43m.[39;49m[43mget_indexer[49m[43m([49m[43m[[49m[43mminval[49m[43m][49m[43m,[49m[43m [49m[43mmethod[49m[38;5;241;43m=[39;49m[38;5;124;43m"[39;49m[38;5;124;43mnearest[39;49m[38;5;124;43m"[39;49m[43m)[49m[38;5;241m.[39mitem()
[1;32m    568[0m imax [38;5;241m=[39m index[38;5;241m.[39mget_indexer([maxval], method[38;5;241m=[39m[38;5;124m"[39m[38;5;124mnearest[39m[38;5;124m"[39m)[38;5;241m.[39mitem()
[1;32m    569[0m indexes[dim] [38;5;241m=[39m [38;5;28mslice[39m([38;5;28mmax[39m(imin [38;5;241m-[39m [38;5;241m2[39m, [38;5;241m0[39m), imax [38;5;241m+[39m [38;5;241m2[39m)

File [0;32m/usr/share/miniconda3/envs/xarray-tutorial/lib/python3.10/site-packages/pandas/core/indexes/base.py:3729[0m, in [0;36mIndex.get_indexer[0;34m(self, target, method, limit, tolerance)[0m
[1;32m   3724[0m     [38;5;28;01mreturn[39;00m np[38;5;241m.[39marray([], dtype[38;5;241m=[39mnp[38;5;241m.[39mintp)
[1;32m   3726[0m [38;5;28;01mif[39;00m [38;5;129;01mnot[39;00m [38;5;28mself[39m[38;5;241m.[39m_should_compare(target) [38;5;129;01mand[39;00m [38;5;129;01mnot[39;00m [38;5;28mself[39m[38;5;241m.[39m_should_partial_index(target):
[1;32m   3727[0m     [38;5;66;03m# IntervalIndex get special treatment bc numeric scalars can be[39;00m
[1;32m   3728[0m     [38;5;66;03m#  matched to Interval scalars[39;00m
[0;32m-> 3729[0m     [38;5;28;01mreturn[39;00m [38;5;28;43mself[39;49m[38;5;241;43m.[39;49m[43m_get_indexer_non_comparable[49m[43m([49m[43mtarget[49m[43m,[49m[43m [49m[43mmethod[49m[38;5;241;43m=[39;49m[43mmethod[49m[43m,[49m[43m [49m[43munique[49m[38;5;241;43m=[39;49m[38;5;28;43;01mTrue[39;49;00m[43m)[49m
[1;32m   3731[0m [38;5;28;01mif[39;00m is_categorical_dtype([38;5;28mself[39m[38;5;241m.[39mdtype):
[1;32m   3732[0m     [38;5;66;03m# _maybe_cast_listlike_indexer ensures target has our dtype[39;00m
[1;32m   3733[0m     [38;5;66;03m#  (could improve perf by doing _should_compare check earlier?)[39;00m
[1;32m   3734[0m     [38;5;28;01massert[39;00m is_dtype_equal([38;5;28mself[39m[38;5;241m.[39mdtype, target[38;5;241m.[39mdtype)

File [0;32m/usr/share/miniconda3/envs/xarray-tutorial/lib/python3.10/site-packages/pandas/core/indexes/base.py:5894[0m, in [0;36mIndex._get_indexer_non_comparable[0;34m(self, target, method, unique)[0m
[1;32m   5892[0m [38;5;28;01mif[39;00m method [38;5;129;01mis[39;00m [38;5;129;01mnot[39;00m [38;5;28;01mNone[39;00m:
[1;32m   5893[0m     other [38;5;241m=[39m unpack_nested_dtype(target)
[0;32m-> 5894[0m     [38;5;28;01mraise[39;00m [38;5;167;01mTypeError[39;00m([38;5;124mf[39m[38;5;124m"[39m[38;5;124mCannot compare dtypes [39m[38;5;132;01m{[39;00m[38;5;28mself[39m[38;5;241m.[39mdtype[38;5;132;01m}[39;00m[38;5;124m and [39m[38;5;132;01m{[39;00mother[38;5;241m.[39mdtype[38;5;132;01m}[39;00m[38;5;124m"[39m)
[1;32m   5896[0m no_matches [38;5;241m=[39m [38;5;241m-[39m[38;5;241m1[39m [38;5;241m*[39m np[38;5;241m.[39mones(target[38;5;241m.[39mshape, dtype[38;5;241m=[39mnp[38;5;241m.[39mintp)
[1;32m   5897[0m [38;5;28;01mif[39;00m unique:
[1;32m   5898[0m     [38;5;66;03m# This is for get_indexer[39;00m

[0;31mTypeError[0m: Cannot compare dtypes int64 and datetime64[ns]
TypeError: Cannot compare dtypes int64 and datetime64[ns]

